<?xml version="1.0" encoding="UTF-8"?>
<robot generator="Robot 4.1.3 (Python 3.7.5 on win32)" generated="20220120 17:15:49.893" rpa="false" schemaversion="2">
<suite id="s1" name="Robot Interactive Console" source="c:\Users\CloudifAi\.vscode\extensions\robocorp.robotframework-lsp-0.37.0\src\robotframework_ls\vendored\robotframework_interactive\robot_interactive_console.robot">
<test id="s1-t1" name="Default Task/Test">
<kw name="Interpreter Main Loop" library="MainLoop">
<status status="PASS" starttime="20220120 17:15:49.938" endtime="20220120 17:16:05.275"/>
</kw>
<status status="PASS" starttime="20220120 17:15:49.937" endtime="20220120 17:16:05.275"/>
</test>
<status status="PASS" starttime="20220120 17:15:49.895" endtime="20220120 17:16:05.277"/>
</suite>
<statistics>
<total>
<stat pass="1" fail="0" skip="0">All Tests</stat>
</total>
<tag>
</tag>
<suite>
<stat pass="1" fail="0" skip="0" id="s1" name="Robot Interactive Console">Robot Interactive Console</stat>
</suite>
</statistics>
<errors>
</errors>
</robot>
